Build started 6/5/2015 11:24:47 PM.
     1>Project "C:\Users\Bruno\Documents\GitHub\ImunoForce\Pacheco\Pacheco.vcxproj" on node 2 (Build target(s)).
     1>ClCompile:
         C:\Program Files (x86)\Microsoft Visual Studio 12.0\VC\bin\CL.exe /c /ZI /nologo /W3 /WX- /sdl /Od /Oy- /D _MBCS /Gm /EHsc /RTC1 /MDd /GS /fp:precise /Zc:wchar_t /Zc:forScope /Fo"Debug\\" /Fd"Debug\vc120.pdb" /Gd /TC /analyze- /errorReport:prompt main.c
         main.c
     1>c:\users\bruno\documents\github\imunoforce\pacheco\header.h(47): warning C4133: '=' : incompatible types - from 'Bllt *' to 'Bllt *'
     1>c:\users\bruno\documents\github\imunoforce\pacheco\header.h(48): warning C4133: '=' : incompatible types - from 'Bllt *' to 'Bllt *'
     1>c:\users\bruno\documents\github\imunoforce\pacheco\header.h(51): warning C4133: '=' : incompatible types - from 'Bllt *' to 'Bllt *'
     1>c:\users\bruno\documents\github\imunoforce\pacheco\header.h(52): warning C4133: '=' : incompatible types - from 'Bllt *' to 'Bllt *'
     1>c:\users\bruno\documents\github\imunoforce\pacheco\header.h(53): warning C4133: '=' : incompatible types - from 'Bllt *' to 'Bllt *'
     1>c:\users\bruno\documents\github\imunoforce\pacheco\header.h(60): warning C4133: '=' : incompatible types - from 'Bllt *' to 'Bllt *'
     1>c:\users\bruno\documents\github\imunoforce\pacheco\header.h(73): warning C4133: '=' : incompatible types - from 'Bllt *' to 'Bllt *'
     1>c:\users\bruno\documents\github\imunoforce\pacheco\header.h(74): warning C4133: '=' : incompatible types - from 'Bllt *' to 'Bllt *'
       Link:
         C:\Program Files (x86)\Microsoft Visual Studio 12.0\VC\bin\link.exe /ERRORREPORT:PROMPT /OUT:"C:\Users\Bruno\Documents\GitHub\ImunoForce\Pacheco\Debug\Pacheco.exe" /INCREMENTAL /NOLOGO "allegro-5.0.10-monolith-md-debug.lib" kernel32.lib user32.lib gdi32.lib winspool.lib comdlg32.lib advapi32.lib shell32.lib ole32.lib oleaut32.lib uuid.lib odbc32.lib odbccp32.lib /MANIFEST /MANIFESTUAC:"level='asInvoker' uiAccess='false'" /manifest:embed /DEBUG /PDB:"C:\Users\Bruno\Documents\GitHub\ImunoForce\Pacheco\Debug\Pacheco.pdb" /TLBID:1 /DYNAMICBASE /NXCOMPAT /IMPLIB:"C:\Users\Bruno\Documents\GitHub\ImunoForce\Pacheco\Debug\Pacheco.lib" /MACHINE:X86 Debug\main.obj
         Debug\main.obj
         Pacheco.vcxproj -> C:\Users\Bruno\Documents\GitHub\ImunoForce\Pacheco\Debug\Pacheco.exe
     1>Done Building Project "C:\Users\Bruno\Documents\GitHub\ImunoForce\Pacheco\Pacheco.vcxproj" (Build target(s)).

Build succeeded.

Time Elapsed 00:00:03.23
