system   D            wsystem.c:583  maybe_parent_dir                 [   0.00079] Also searching C:\Users\Bruno\Documents\GitHub\ImunoForce\ImunoForceVS\
system   D            wsystem.c:633  _al_win_safe_load_library        [   0.00100] PathFindOnPath found: C:\Windows\system32\d3d9.dll
system   D            wsystem.c:544  load_library_at_path             [   0.00103] Calling LoadLibrary C:\Windows\system32\d3d9.dll
system   I            wsystem.c:547  load_library_at_path             [   0.00200] Loaded C:\Windows\system32\d3d9.dll
d3d      I         d3d_disp.cpp:696  _al_d3d_init_display             [   0.01992] Render-to-texture: 1
system   I             system.c:252  al_install_system                [   0.01998] Allegro version: 5.0.10
d3d      I         d3d_disp.cpp:1737 d3d_create_display_locked        [   0.02112] faux_fullscreen=0
d3d      D         d3d_disp.cpp:1738 d3d_create_display_locked        [   0.02114] al_display=00AB6378
d3d      D         d3d_disp.cpp:1739 d3d_create_display_locked        [   0.02115] al_display->vt=00B08F50
d3d      I d3d_display_formats.cpp:144  _al_d3d_generate_display_format_list [   0.03381] found 64 format combinations
display  D   display_settings.c:191  debug_display_settings           [   0.03384] color: 32 (rgba 8880), depth: 0, stencil: 0, acc: 0000, samples: 0/0
display  D   display_settings.c:506  _al_score_display_settings       [   0.03386] Score is : 897
display  D   display_settings.c:191  debug_display_settings           [   0.03387] color: 32 (rgba 8880), depth: 0, stencil: 0, acc: 0000, samples: 0/0
display  D   display_settings.c:506  _al_score_display_settings       [   0.03388] Score is : 897
display  D   display_settings.c:191  debug_display_settings           [   0.03389] color: 32 (rgba 8880), depth: 24, stencil: 8, acc: 0000, samples: 0/0
display  D   display_settings.c:506  _al_score_display_settings       [   0.03390] Score is : 897
display  D   display_settings.c:191  debug_display_settings           [   0.03392] color: 32 (rgba 8880), depth: 24, stencil: 8, acc: 0000, samples: 0/0
display  D   display_settings.c:506  _al_score_display_settings       [   0.03393] Score is : 897
display  D   display_settings.c:191  debug_display_settings           [   0.03394] color: 32 (rgba 8880), depth: 24, stencil: 0, acc: 0000, samples: 0/0
display  D   display_settings.c:506  _al_score_display_settings       [   0.03395] Score is : 897
display  D   display_settings.c:191  debug_display_settings           [   0.03396] color: 32 (rgba 8880), depth: 24, stencil: 0, acc: 0000, samples: 0/0
display  D   display_settings.c:506  _al_score_display_settings       [   0.03397] Score is : 897
display  D   display_settings.c:191  debug_display_settings           [   0.03399] color: 32 (rgba 8880), depth: 16, stencil: 0, acc: 0000, samples: 0/0
display  D   display_settings.c:506  _al_score_display_settings       [   0.03400] Score is : 897
display  D   display_settings.c:191  debug_display_settings           [   0.03401] color: 32 (rgba 8880), depth: 16, stencil: 0, acc: 0000, samples: 0/0
display  D   display_settings.c:506  _al_score_display_settings       [   0.03402] Score is : 897
display  D   display_settings.c:191  debug_display_settings           [   0.03403] color: 16 (rgba 5650), depth: 0, stencil: 0, acc: 0000, samples: 0/0
display  D   display_settings.c:506  _al_score_display_settings       [   0.03404] Score is : 897
display  D   display_settings.c:191  debug_display_settings           [   0.03405] color: 16 (rgba 5650), depth: 0, stencil: 0, acc: 0000, samples: 0/0
display  D   display_settings.c:506  _al_score_display_settings       [   0.03407] Score is : 897
display  D   display_settings.c:191  debug_display_settings           [   0.03408] color: 16 (rgba 5650), depth: 24, stencil: 8, acc: 0000, samples: 0/0
display  D   display_settings.c:506  _al_score_display_settings       [   0.03409] Score is : 897
display  D   display_settings.c:191  debug_display_settings           [   0.03410] color: 16 (rgba 5650), depth: 24, stencil: 8, acc: 0000, samples: 0/0
display  D   display_settings.c:506  _al_score_display_settings       [   0.03416] Score is : 897
display  D   display_settings.c:191  debug_display_settings           [   0.03417] color: 16 (rgba 5650), depth: 24, stencil: 0, acc: 0000, samples: 0/0
display  D   display_settings.c:506  _al_score_display_settings       [   0.03418] Score is : 897
display  D   display_settings.c:191  debug_display_settings           [   0.03419] color: 16 (rgba 5650), depth: 24, stencil: 0, acc: 0000, samples: 0/0
display  D   display_settings.c:506  _al_score_display_settings       [   0.03420] Score is : 897
display  D   display_settings.c:191  debug_display_settings           [   0.03421] color: 16 (rgba 5650), depth: 16, stencil: 0, acc: 0000, samples: 0/0
display  D   display_settings.c:506  _al_score_display_settings       [   0.03423] Score is : 897
display  D   display_settings.c:191  debug_display_settings           [   0.03424] color: 16 (rgba 5650), depth: 16, stencil: 0, acc: 0000, samples: 0/0
display  D   display_settings.c:506  _al_score_display_settings       [   0.03425] Score is : 897
display  D   display_settings.c:191  debug_display_settings           [   0.03426] color: 32 (rgba 8880), depth: 0, stencil: 0, acc: 0000, samples: 0/0
display  D   display_settings.c:377  _al_score_display_settings       [   0.03427] Single Buffer requirement not met.
display  D   display_settings.c:191  debug_display_settings           [   0.03428] color: 32 (rgba 8880), depth: 0, stencil: 0, acc: 0000, samples: 0/0
display  D   display_settings.c:377  _al_score_display_settings       [   0.03430] Single Buffer requirement not met.
display  D   display_settings.c:191  debug_display_settings           [   0.03431] color: 32 (rgba 8880), depth: 24, stencil: 8, acc: 0000, samples: 0/0
display  D   display_settings.c:377  _al_score_display_settings       [   0.03432] Single Buffer requirement not met.
display  D   display_settings.c:191  debug_display_settings           [   0.03433] color: 32 (rgba 8880), depth: 24, stencil: 8, acc: 0000, samples: 0/0
display  D   display_settings.c:377  _al_score_display_settings       [   0.03434] Single Buffer requirement not met.
display  D   display_settings.c:191  debug_display_settings           [   0.03435] color: 32 (rgba 8880), depth: 24, stencil: 0, acc: 0000, samples: 0/0
display  D   display_settings.c:377  _al_score_display_settings       [   0.03436] Single Buffer requirement not met.
display  D   display_settings.c:191  debug_display_settings           [   0.03437] color: 32 (rgba 8880), depth: 24, stencil: 0, acc: 0000, samples: 0/0
display  D   display_settings.c:377  _al_score_display_settings       [   0.03438] Single Buffer requirement not met.
display  D   display_settings.c:191  debug_display_settings           [   0.03439] color: 32 (rgba 8880), depth: 16, stencil: 0, acc: 0000, samples: 0/0
display  D   display_settings.c:377  _al_score_display_settings       [   0.03441] Single Buffer requirement not met.
display  D   display_settings.c:191  debug_display_settings           [   0.03442] color: 32 (rgba 8880), depth: 16, stencil: 0, acc: 0000, samples: 0/0
display  D   display_settings.c:377  _al_score_display_settings       [   0.03443] Single Buffer requirement not met.
display  D   display_settings.c:191  debug_display_settings           [   0.03445] color: 16 (rgba 5650), depth: 0, stencil: 0, acc: 0000, samples: 0/0
display  D   display_settings.c:377  _al_score_display_settings       [   0.03446] Single Buffer requirement not met.
display  D   display_settings.c:191  debug_display_settings           [   0.03447] color: 16 (rgba 5650), depth: 0, stencil: 0, acc: 0000, samples: 0/0
display  D   display_settings.c:377  _al_score_display_settings       [   0.03449] Single Buffer requirement not met.
display  D   display_settings.c:191  debug_display_settings           [   0.03450] color: 16 (rgba 5650), depth: 24, stencil: 8, acc: 0000, samples: 0/0
display  D   display_settings.c:377  _al_score_display_settings       [   0.03451] Single Buffer requirement not met.
display  D   display_settings.c:191  debug_display_settings           [   0.03454] color: 16 (rgba 5650), depth: 24, stencil: 8, acc: 0000, samples: 0/0
display  D   display_settings.c:377  _al_score_display_settings       [   0.03456] Single Buffer requirement not met.
display  D   display_settings.c:191  debug_display_settings           [   0.03457] color: 16 (rgba 5650), depth: 24, stencil: 0, acc: 0000, samples: 0/0
display  D   display_settings.c:377  _al_score_display_settings       [   0.03458] Single Buffer requirement not met.
display  D   display_settings.c:191  debug_display_settings           [   0.03459] color: 16 (rgba 5650), depth: 24, stencil: 0, acc: 0000, samples: 0/0
display  D   display_settings.c:377  _al_score_display_settings       [   0.03460] Single Buffer requirement not met.
display  D   display_settings.c:191  debug_display_settings           [   0.03461] color: 16 (rgba 5650), depth: 16, stencil: 0, acc: 0000, samples: 0/0
display  D   display_settings.c:377  _al_score_display_settings       [   0.03462] Single Buffer requirement not met.
display  D   display_settings.c:191  debug_display_settings           [   0.03463] color: 16 (rgba 5650), depth: 16, stencil: 0, acc: 0000, samples: 0/0
display  D   display_settings.c:377  _al_score_display_settings       [   0.03464] Single Buffer requirement not met.
display  D   display_settings.c:191  debug_display_settings           [   0.03465] color: 32 (rgba 8880), depth: 0, stencil: 0, acc: 0000, samples: 0/0
display  D   display_settings.c:506  _al_score_display_settings       [   0.03467] Score is : 769
display  D   display_settings.c:191  debug_display_settings           [   0.03468] color: 32 (rgba 8880), depth: 0, stencil: 0, acc: 0000, samples: 0/0
display  D   display_settings.c:506  _al_score_display_settings       [   0.03469] Score is : 769
display  D   display_settings.c:191  debug_display_settings           [   0.03470] color: 32 (rgba 8880), depth: 24, stencil: 8, acc: 0000, samples: 0/0
display  D   display_settings.c:506  _al_score_display_settings       [   0.03471] Score is : 769
display  D   display_settings.c:191  debug_display_settings           [   0.03472] color: 32 (rgba 8880), depth: 24, stencil: 8, acc: 0000, samples: 0/0
display  D   display_settings.c:506  _al_score_display_settings       [   0.03473] Score is : 769
display  D   display_settings.c:191  debug_display_settings           [   0.03474] color: 32 (rgba 8880), depth: 24, stencil: 0, acc: 0000, samples: 0/0
display  D   display_settings.c:506  _al_score_display_settings       [   0.03475] Score is : 769
display  D   display_settings.c:191  debug_display_settings           [   0.03476] color: 32 (rgba 8880), depth: 24, stencil: 0, acc: 0000, samples: 0/0
display  D   display_settings.c:506  _al_score_display_settings       [   0.03478] Score is : 769
display  D   display_settings.c:191  debug_display_settings           [   0.03478] color: 32 (rgba 8880), depth: 16, stencil: 0, acc: 0000, samples: 0/0
display  D   display_settings.c:506  _al_score_display_settings       [   0.03480] Score is : 769
display  D   display_settings.c:191  debug_display_settings           [   0.03481] color: 32 (rgba 8880), depth: 16, stencil: 0, acc: 0000, samples: 0/0
display  D   display_settings.c:506  _al_score_display_settings       [   0.03482] Score is : 769
display  D   display_settings.c:191  debug_display_settings           [   0.03483] color: 16 (rgba 5650), depth: 0, stencil: 0, acc: 0000, samples: 0/0
display  D   display_settings.c:506  _al_score_display_settings       [   0.03484] Score is : 769
display  D   display_settings.c:191  debug_display_settings           [   0.03485] color: 16 (rgba 5650), depth: 0, stencil: 0, acc: 0000, samples: 0/0
display  D   display_settings.c:506  _al_score_display_settings       [   0.03486] Score is : 769
display  D   display_settings.c:191  debug_display_settings           [   0.03487] color: 16 (rgba 5650), depth: 24, stencil: 8, acc: 0000, samples: 0/0
display  D   display_settings.c:506  _al_score_display_settings       [   0.03488] Score is : 769
display  D   display_settings.c:191  debug_display_settings           [   0.03489] color: 16 (rgba 5650), depth: 24, stencil: 8, acc: 0000, samples: 0/0
display  D   display_settings.c:506  _al_score_display_settings       [   0.03491] Score is : 769
display  D   display_settings.c:191  debug_display_settings           [   0.03492] color: 16 (rgba 5650), depth: 24, stencil: 0, acc: 0000, samples: 0/0
display  D   display_settings.c:506  _al_score_display_settings       [   0.03493] Score is : 769
display  D   display_settings.c:191  debug_display_settings           [   0.03494] color: 16 (rgba 5650), depth: 24, stencil: 0, acc: 0000, samples: 0/0
display  D   display_settings.c:506  _al_score_display_settings       [   0.03495] Score is : 769
display  D   display_settings.c:191  debug_display_settings           [   0.03496] color: 16 (rgba 5650), depth: 16, stencil: 0, acc: 0000, samples: 0/0
display  D   display_settings.c:506  _al_score_display_settings       [   0.03497] Score is : 769
display  D   display_settings.c:191  debug_display_settings           [   0.03498] color: 16 (rgba 5650), depth: 16, stencil: 0, acc: 0000, samples: 0/0
display  D   display_settings.c:506  _al_score_display_settings       [   0.03499] Score is : 769
display  D   display_settings.c:191  debug_display_settings           [   0.03500] color: 32 (rgba 8880), depth: 0, stencil: 0, acc: 0000, samples: 0/0
display  D   display_settings.c:377  _al_score_display_settings       [   0.03501] Single Buffer requirement not met.
display  D   display_settings.c:191  debug_display_settings           [   0.03502] color: 32 (rgba 8880), depth: 0, stencil: 0, acc: 0000, samples: 0/0
display  D   display_settings.c:377  _al_score_display_settings       [   0.03504] Single Buffer requirement not met.
display  D   display_settings.c:191  debug_display_settings           [   0.03505] color: 32 (rgba 8880), depth: 24, stencil: 8, acc: 0000, samples: 0/0
display  D   display_settings.c:377  _al_score_display_settings       [   0.03506] Single Buffer requirement not met.
display  D   display_settings.c:191  debug_display_settings           [   0.03507] color: 32 (rgba 8880), depth: 24, stencil: 8, acc: 0000, samples: 0/0
display  D   display_settings.c:377  _al_score_display_settings       [   0.03508] Single Buffer requirement not met.
display  D   display_settings.c:191  debug_display_settings           [   0.03509] color: 32 (rgba 8880), depth: 24, stencil: 0, acc: 0000, samples: 0/0
display  D   display_settings.c:377  _al_score_display_settings       [   0.03510] Single Buffer requirement not met.
display  D   display_settings.c:191  debug_display_settings           [   0.03511] color: 32 (rgba 8880), depth: 24, stencil: 0, acc: 0000, samples: 0/0
display  D   display_settings.c:377  _al_score_display_settings       [   0.03512] Single Buffer requirement not met.
display  D   display_settings.c:191  debug_display_settings           [   0.03513] color: 32 (rgba 8880), depth: 16, stencil: 0, acc: 0000, samples: 0/0
display  D   display_settings.c:377  _al_score_display_settings       [   0.03514] Single Buffer requirement not met.
display  D   display_settings.c:191  debug_display_settings           [   0.03515] color: 32 (rgba 8880), depth: 16, stencil: 0, acc: 0000, samples: 0/0
display  D   display_settings.c:377  _al_score_display_settings       [   0.03517] Single Buffer requirement not met.
display  D   display_settings.c:191  debug_display_settings           [   0.03518] color: 16 (rgba 5650), depth: 0, stencil: 0, acc: 0000, samples: 0/0
display  D   display_settings.c:377  _al_score_display_settings       [   0.03519] Single Buffer requirement not met.
display  D   display_settings.c:191  debug_display_settings           [   0.03520] color: 16 (rgba 5650), depth: 0, stencil: 0, acc: 0000, samples: 0/0
display  D   display_settings.c:377  _al_score_display_settings       [   0.03521] Single Buffer requirement not met.
display  D   display_settings.c:191  debug_display_settings           [   0.03522] color: 16 (rgba 5650), depth: 24, stencil: 8, acc: 0000, samples: 0/0
display  D   display_settings.c:377  _al_score_display_settings       [   0.03526] Single Buffer requirement not met.
display  D   display_settings.c:191  debug_display_settings           [   0.03527] color: 16 (rgba 5650), depth: 24, stencil: 8, acc: 0000, samples: 0/0
display  D   display_settings.c:377  _al_score_display_settings       [   0.03528] Single Buffer requirement not met.
display  D   display_settings.c:191  debug_display_settings           [   0.03530] color: 16 (rgba 5650), depth: 24, stencil: 0, acc: 0000, samples: 0/0
display  D   display_settings.c:377  _al_score_display_settings       [   0.03531] Single Buffer requirement not met.
display  D   display_settings.c:191  debug_display_settings           [   0.03532] color: 16 (rgba 5650), depth: 24, stencil: 0, acc: 0000, samples: 0/0
display  D   display_settings.c:377  _al_score_display_settings       [   0.03533] Single Buffer requirement not met.
display  D   display_settings.c:191  debug_display_settings           [   0.03534] color: 16 (rgba 5650), depth: 16, stencil: 0, acc: 0000, samples: 0/0
display  D   display_settings.c:377  _al_score_display_settings       [   0.03535] Single Buffer requirement not met.
display  D   display_settings.c:191  debug_display_settings           [   0.03536] color: 16 (rgba 5650), depth: 16, stencil: 0, acc: 0000, samples: 0/0
display  D   display_settings.c:377  _al_score_display_settings       [   0.03538] Single Buffer requirement not met.
d3d      D         d3d_disp.cpp:1645 d3d_create_display_internals     [   0.03540] Trying format 0.
d3d      I         d3d_disp.cpp:1326 d3d_display_thread_proc          [   0.03562] Chose a display format: 23
d3d      I         d3d_disp.cpp:1395 d3d_display_thread_proc          [   0.03567] Normal window.
d3d      I         d3d_disp.cpp:801  d3d_create_device                [   0.04153] Using no depth stencil buffer
d3d      D         d3d_disp.cpp:866  d3d_create_device                [   0.07187] BeginScene succeeded in create_device
d3d      D         d3d_disp.cpp:874  d3d_create_device                [   0.07191] Success
d3d      D         d3d_disp.cpp:1668 d3d_create_display_internals     [   0.07194] Resumed after wait.
d3d      I         d3d_disp.cpp:1701 d3d_create_display_internals     [   0.07197] Format 0 succeeded.
d3d      D         d3d_disp.cpp:1724 d3d_create_display_internals     [   0.07200] Returning d3d_display: 00AB6378
d3d      D         d3d_disp.cpp:1749 d3d_create_display_locked        [   0.07201] al_display=00AB6378
d3d      D         d3d_disp.cpp:1750 d3d_create_display_locked        [   0.07202] al_display->vt=00B08F50
dtor     D               dtor.c:184  _al_register_destructor          [   0.07344] added dtor for object 00A82D80, func 5BCD24D2
dtor     D               dtor.c:184  _al_register_destructor          [   0.07347] added dtor for object 00B10458, func 5BCD27A7
bitmap   W          bitmap_io.c:222  al_load_bitmap                   [   0.07356] Failed loading Sprites/sperm_0S.png with .png handler.
