Build started 18-Jun-15 13:55:54.
     1>Project "C:\Users\Bruno\Documents\GitHub\ImunoForce\ImunoForceVS\ImunoForce\ImunoForce.vcxproj" on node 2 (Build target(s)).
     1>ClCompile:
         C:\Program Files (x86)\Microsoft Visual Studio 12.0\VC\bin\CL.exe /c /ZI /nologo /W3 /WX- /sdl /Od /Oy- /D _MBCS /Gm /EHsc /RTC1 /MDd /GS /fp:precise /Zc:wchar_t /Zc:forScope /Fo"Debug\\" /Fd"Debug\vc120.pdb" /Gd /TC /analyze- /errorReport:prompt ..\..\..\..\GitHub\ImunoForce\ImunoForce\src\ImunoEngine.c
         ImunoEngine.c
     1>c:\users\bruno\documents\github\imunoforce\imunoforce\src\imunoengine.c(26): warning C4133: '=' : incompatible types - from 'Object *' to 'Object *'
     1>c:\users\bruno\documents\github\imunoforce\imunoforce\src\imunoengine.c(27): warning C4133: '=' : incompatible types - from 'Object *' to 'Object *'
     1>c:\users\bruno\documents\github\imunoforce\imunoforce\src\imunoengine.c(30): warning C4133: '=' : incompatible types - from 'Object *' to 'Object *'
     1>c:\users\bruno\documents\github\imunoforce\imunoforce\src\imunoengine.c(31): warning C4133: '=' : incompatible types - from 'Object *' to 'Object *'
     1>c:\users\bruno\documents\github\imunoforce\imunoforce\src\imunoengine.c(32): warning C4133: '=' : incompatible types - from 'Object *' to 'Object *'
     1>c:\users\bruno\documents\github\imunoforce\imunoforce\src\imunoengine.c(39): warning C4133: '=' : incompatible types - from 'Object *' to 'Object *'
     1>c:\users\bruno\documents\github\imunoforce\imunoforce\src\imunoengine.c(50): warning C4133: '=' : incompatible types - from 'Object *' to 'Object *'
     1>c:\users\bruno\documents\github\imunoforce\imunoforce\src\imunoengine.c(51): warning C4133: '=' : incompatible types - from 'Object *' to 'Object *'
     1>c:\users\bruno\documents\github\imunoforce\imunoforce\src\imunoengine.c(53): warning C4133: '=' : incompatible types - from 'Object *' to 'Object *'
     1>c:\users\bruno\documents\github\imunoforce\imunoforce\src\imunoengine.c(56): warning C4133: '=' : incompatible types - from 'Object *' to 'Object *'
     1>c:\users\bruno\documents\github\imunoforce\imunoforce\src\imunoengine.c(125): warning C4133: '=' : incompatible types - from 'Object *' to 'Object *'
     1>c:\users\bruno\documents\github\imunoforce\imunoforce\src\imunoengine.c(124): warning C4101: 'dy' : unreferenced local variable
     1>c:\users\bruno\documents\github\imunoforce\imunoforce\src\imunoengine.c(124): warning C4101: 'y' : unreferenced local variable
     1>c:\users\bruno\documents\github\imunoforce\imunoforce\src\imunoengine.c(124): warning C4101: 'x' : unreferenced local variable
     1>c:\users\bruno\documents\github\imunoforce\imunoforce\src\imunoengine.c(124): warning C4101: 'dx' : unreferenced local variable
     1>c:\users\bruno\documents\github\imunoforce\imunoforce\src\imunoengine.c(210): warning C4133: '=' : incompatible types - from 'Object *' to 'Object *'
     1>c:\users\bruno\documents\github\imunoforce\imunoforce\src\imunoengine.c(226): warning C4133: '=' : incompatible types - from 'Object *' to 'Object *'
     1>c:\users\bruno\documents\github\imunoforce\imunoforce\src\imunoengine.c(318): warning C4133: '=' : incompatible types - from 'Object *' to 'Object *'
     1>c:\users\bruno\documents\github\imunoforce\imunoforce\src\imunoengine.c(336): warning C4133: '=' : incompatible types - from 'Object *' to 'Object *'
       Link:
         C:\Program Files (x86)\Microsoft Visual Studio 12.0\VC\bin\link.exe /ERRORREPORT:PROMPT /OUT:"C:\Users\Bruno\Documents\GitHub\ImunoForce\ImunoForceVS\Debug\ImunoForce.exe" /INCREMENTAL /NOLOGO "allegro-5.0.10-monolith-md-debug.lib" kernel32.lib user32.lib gdi32.lib winspool.lib comdlg32.lib advapi32.lib shell32.lib ole32.lib oleaut32.lib uuid.lib odbc32.lib odbccp32.lib /MANIFEST /MANIFESTUAC:"level='asInvoker' uiAccess='false'" /manifest:embed /DEBUG /PDB:"C:\Users\Bruno\Documents\GitHub\ImunoForce\ImunoForceVS\Debug\ImunoForce.pdb" /TLBID:1 /DYNAMICBASE /NXCOMPAT /IMPLIB:"C:\Users\Bruno\Documents\GitHub\ImunoForce\ImunoForceVS\Debug\ImunoForce.lib" /MACHINE:X86 Debug\AllegroDef.obj
         Debug\ImunoEngine.obj
         Debug\ImunoForce.obj
         ImunoForce.vcxproj -> C:\Users\Bruno\Documents\GitHub\ImunoForce\ImunoForceVS\Debug\ImunoForce.exe
     1>Done Building Project "C:\Users\Bruno\Documents\GitHub\ImunoForce\ImunoForceVS\ImunoForce\ImunoForce.vcxproj" (Build target(s)).

Build succeeded.

Time Elapsed 00:00:00.61
